this derivation will be built:
  /nix/store/mxd3zi475hia3rdg2f3250pgdfag86sg-yamlresume-v0.11.1.drv
building '/nix/store/mxd3zi475hia3rdg2f3250pgdfag86sg-yamlresume-v0.11.1.drv'...
Running phase: unpackPhase
unpacking source archive /nix/store/jpzgrlg4lfzmc0pb3kjv9wbq0q07nn7m-source
source root is source
Running phase: patchPhase
Running phase: updateAutotoolsGnuConfigScriptsPhase
Running phase: configurePhase
no configure script, doing nothing
Executing pnpmConfigHook
 ERROR  EACCES: permission denied, mkdir '/homeless-shelter/.local/share/pnpm/.tools/pnpm/10.12.1_tmp_37'
For help, run: pnpm help
Found 'pnpm' with version ''
Using fetcherVersion: 2
Configuring pnpm store
/build /build/source
/build/source
Installing dependencies
Scope: all 6 workspace projects
Lockfile is up to date, resolution step is skipped
Progress: resolved 1, reused 0, downloaded 0, added 0
Packages: +705

Progress: resolved 1, reused 0, downloaded 0, added 0
Progress: resolved 705, reused 643, downloaded 0, added 0
Progress: resolved 705, reused 703, downloaded 0, added 152
Progress: resolved 705, reused 703, downloaded 0, added 254
Progress: resolved 705, reused 703, downloaded 0, added 645
Progress: resolved 705, reused 703, downloaded 0, added 701
Progress: resolved 705, reused 703, downloaded 0, added 702
Progress: resolved 705, reused 703, downloaded 0, added 703
Progress: resolved 705, reused 703, downloaded 0, added 704
Progress: resolved 705, reused 703, downloaded 0, added 705, done
 WARN  Failed to create bin at /build/source/packages/create-yamlresume/node_modules/.bin/yamlresume. ENOENT: no such file or directory, open '/build/source/packages/cli/dist/cli.js'

devDependencies:
+ @biomejs/biome 2.0.6
+ @commitlint/cli 20.3.1
+ @commitlint/config-conventional 20.0.0
+ @types/lodash-es 4.17.12
+ @types/node 24.4.0
+ @vitest/coverage-v8 4.0.16
+ commit-and-tag-version 12.6.0
+ husky 9.1.7
+ lint-staged 16.1.6
+ tsup 8.3.0
+ tsx 4.20.5
+ typedoc 0.28.16
+ typedoc-plugin-markdown 4.9.0
+ typescript 5.9.3
+ vite-tsconfig-paths 5.1.4
+ vitest 4.0.16

Done in 2.3s using pnpm v10.28.0
Patching scripts
patching script interpreter paths in node_modules/@biomejs node_modules/@commitlint node_modules/@types node_modules/@vitest node_modules/commit-and-tag-version node_modules/husky node_modules/lint-staged node_modules/tsup node_modules/tsx node_modules/typedoc node_modules/typedoc-plugin-markdown node_modules/typescript node_modules/vite-tsconfig-paths node_modules/vitest node_modules/.bin node_modules/.modules.yaml node_modules/.pnpm node_modules/.pnpm-workspace-state-v1.json
node_modules/.bin/husky: interpreter directive changed from "#!/bin/sh" to "/nix/store/f15k3dpilmiyv6zgpib289rnjykgr1r4-bash-5.3p9/bin/sh"
node_modules/.bin/tsserver: interpreter directive changed from "#!/bin/sh" to "/nix/store/f15k3dpilmiyv6zgpib289rnjykgr1r4-bash-5.3p9/bin/sh"
node_modules/.bin/vitest: interpreter directive changed from "#!/bin/sh" to "/nix/store/f15k3dpilmiyv6zgpib289rnjykgr1r4-bash-5.3p9/bin/sh"
node_modules/.bin/tsc: interpreter directive changed from "#!/bin/sh" to "/nix/store/f15k3dpilmiyv6zgpib289rnjykgr1r4-bash-5.3p9/bin/sh"
node_modules/.bin/typedoc: interpreter directive changed from "#!/bin/sh" to "/nix/store/f15k3dpilmiyv6zgpib289rnjykgr1r4-bash-5.3p9/bin/sh"
node_modules/.bin/tsup-node: interpreter directive changed from "#!/bin/sh" to "/nix/store/f15k3dpilmiyv6zgpib289rnjykgr1r4-bash-5.3p9/bin/sh"
node_modules/.bin/tsx: interpreter directive changed from "#!/bin/sh" to "/nix/store/f15k3dpilmiyv6zgpib289rnjykgr1r4-bash-5.3p9/bin/sh"
node_modules/.bin/commit-and-tag-version: interpreter directive changed from "#!/bin/sh" to "/nix/store/f15k3dpilmiyv6zgpib289rnjykgr1r4-bash-5.3p9/bin/sh"
node_modules/.bin/commitlint: interpreter directive changed from "#!/bin/sh" to "/nix/store/f15k3dpilmiyv6zgpib289rnjykgr1r4-bash-5.3p9/bin/sh"
node_modules/.bin/tsup: interpreter directive changed from "#!/bin/sh" to "/nix/store/f15k3dpilmiyv6zgpib289rnjykgr1r4-bash-5.3p9/bin/sh"
node_modules/.bin/biome: interpreter directive changed from "#!/bin/sh" to "/nix/store/f15k3dpilmiyv6zgpib289rnjykgr1r4-bash-5.3p9/bin/sh"
node_modules/.bin/lint-staged: interpreter directive changed from "#!/bin/sh" to "/nix/store/f15k3dpilmiyv6zgpib289rnjykgr1r4-bash-5.3p9/bin/sh"
node_modules/.pnpm/tsconfck@3.1.5_typescript@5.9.3/node_modules/tsconfck/node_modules/.bin/tsserver: interpreter directive changed from "#!/bin/sh" to "/nix/store/f15k3dpilmiyv6zgpib289rnjykgr1r4-bash-5.3p9/bin/sh"
node_modules/.pnpm/tsconfck@3.1.5_typescript@5.9.3/node_modules/tsconfck/node_modules/.bin/tsc: interpreter directive changed from "#!/bin/sh" to "/nix/store/f15k3dpilmiyv6zgpib289rnjykgr1r4-bash-5.3p9/bin/sh"
node_modules/.pnpm/conventional-commits-parser@5.0.0/node_modules/conventional-commits-parser/node_modules/.bin/JSONStream: interpreter directive changed from "#!/bin/sh" to "/nix/store/f15k3dpilmiyv6zgpib289rnjykgr1r4-bash-5.3p9/bin/sh"
node_modules/.pnpm/@babel+generator@7.28.6/node_modules/@babel/generator/node_modules/.bin/parser: interpreter directive changed from "#!/bin/sh" to "/nix/store/f15k3dpilmiyv6zgpib289rnjykgr1r4-bash-5.3p9/bin/sh"
node_modules/.pnpm/@babel+generator@7.28.6/node_modules/@babel/generator/node_modules/.bin/jsesc: interpreter directive changed from "#!/bin/sh" to "/nix/store/f15k3dpilmiyv6zgpib289rnjykgr1r4-bash-5.3p9/bin/sh"
node_modules/.pnpm/scheduler@0.23.2/node_modules/scheduler/node_modules/.bin/loose-envify: interpreter directive changed from "#!/bin/sh" to "/nix/store/f15k3dpilmiyv6zgpib289rnjykgr1r4-bash-5.3p9/bin/sh"
node_modules/.pnpm/conventional-changelog-core@5.0.2/node_modules/conventional-changelog-core/node_modules/.bin/git-raw-commits: interpreter directive changed from "#!/bin/sh" to "/nix/store/f15k3dpilmiyv6zgpib289rnjykgr1r4-bash-5.3p9/bin/sh"
node_modules/.pnpm/conventional-changelog-core@5.0.2/node_modules/conventional-changelog-core/node_modules/.bin/get-pkg-repo: interpreter directive changed from "#!/bin/sh" to "/nix/store/f15k3dpilmiyv6zgpib289rnjykgr1r4-bash-5.3p9/bin/sh"
node_modules/.pnpm/conventional-changelog-core@5.0.2/node_modules/conventional-changelog-core/node_modules/.bin/conventional-commits-parser: interpreter directive changed from "#!/bin/sh" to "/nix/store/f15k3dpilmiyv6zgpib289rnjykgr1r4-bash-5.3p9/bin/sh"
node_modules/.pnpm/conventional-changelog-core@5.0.2/node_modules/conventional-changelog-core/node_modules/.bin/conventional-changelog-writer: interpreter directive changed from "#!/bin/sh" to "/nix/store/f15k3dpilmiyv6zgpib289rnjykgr1r4-bash-5.3p9/bin/sh"
node_modules/.pnpm/conventional-changelog-core@5.0.2/node_modules/conventional-changelog-core/node_modules/.bin/git-semver-tags: interpreter directive changed from "#!/bin/sh" to "/nix/store/f15k3dpilmiyv6zgpib289rnjykgr1r4-bash-5.3p9/bin/sh"
node_modules/.pnpm/conventional-recommended-bump@7.0.1/node_modules/conventional-recommended-bump/node_modules/.bin/git-raw-commits: interpreter directive changed from "#!/bin/sh" to "/nix/store/f15k3dpilmiyv6zgpib289rnjykgr1r4-bash-5.3p9/bin/sh"
node_modules/.pnpm/conventional-recommended-bump@7.0.1/node_modules/conventional-recommended-bump/node_modules/.bin/conventional-commits-parser: interpreter directive changed from "#!/bin/sh" to "/nix/store/f15k3dpilmiyv6zgpib289rnjykgr1r4-bash-5.3p9/bin/sh"
node_modules/.pnpm/conventional-recommended-bump@7.0.1/node_modules/conventional-recommended-bump/node_modules/.bin/git-semver-tags: interpreter directive changed from "#!/bin/sh" to "/nix/store/f15k3dpilmiyv6zgpib289rnjykgr1r4-bash-5.3p9/bin/sh"
node_modules/.pnpm/postcss@8.5.6/node_modules/postcss/node_modules/.bin/nanoid: interpreter directive changed from "#!/bin/sh" to "/nix/store/f15k3dpilmiyv6zgpib289rnjykgr1r4-bash-5.3p9/bin/sh"
node_modules/.pnpm/@types+babel__core@7.20.5/node_modules/@types/babel__core/node_modules/.bin/parser: interpreter directive changed from "#!/bin/sh" to "/nix/store/f15k3dpilmiyv6zgpib289rnjykgr1r4-bash-5.3p9/bin/sh"
node_modules/.pnpm/tough-cookie@6.0.0/node_modules/tough-cookie/node_modules/.bin/tldts: interpreter directive changed from "#!/bin/sh" to "/nix/store/f15k3dpilmiyv6zgpib289rnjykgr1r4-bash-5.3p9/bin/sh"
node_modules/.pnpm/editorconfig@1.0.4/node_modules/editorconfig/node_modules/.bin/semver: interpreter directive changed from "#!/bin/sh" to "/nix/store/f15k3dpilmiyv6zgpib289rnjykgr1r4-bash-5.3p9/bin/sh"
node_modules/.pnpm/node_modules/.bin/marked: interpreter directive changed from "#!/bin/sh" to "/nix/store/f15k3dpilmiyv6zgpib289rnjykgr1r4-bash-5.3p9/bin/sh"
node_modules/.pnpm/node_modules/.bin/js-yaml: interpreter directive changed from "#!/bin/sh" to "/nix/store/f15k3dpilmiyv6zgpib289rnjykgr1r4-bash-5.3p9/bin/sh"
node_modules/.pnpm/node_modules/.bin/json5: interpreter directive changed from "#!/bin/sh" to "/nix/store/f15k3dpilmiyv6zgpib289rnjykgr1r4-bash-5.3p9/bin/sh"
node_modules/.pnpm/node_modules/.bin/tailwindcss: interpreter directive changed from "#!/bin/sh" to "/nix/store/f15k3dpilmiyv6zgpib289rnjykgr1r4-bash-5.3p9/bin/sh"
node_modules/.pnpm/node_modules/.bin/parser: interpreter directive changed from "#!/bin/sh" to "/nix/store/f15k3dpilmiyv6zgpib289rnjykgr1r4-bash-5.3p9/bin/sh"
node_modules/.pnpm/node_modules/.bin/nanoid: interpreter directive changed from "#!/bin/sh" to "/nix/store/f15k3dpilmiyv6zgpib289rnjykgr1r4-bash-5.3p9/bin/sh"
node_modules/.pnpm/node_modules/.bin/semver: interpreter directive changed from "#!/bin/sh" to "/nix/store/f15k3dpilmiyv6zgpib289rnjykgr1r4-bash-5.3p9/bin/sh"
node_modules/.pnpm/node_modules/.bin/markdown-it: interpreter directive changed from "#!/bin/sh" to "/nix/store/f15k3dpilmiyv6zgpib289rnjykgr1r4-bash-5.3p9/bin/sh"
node_modules/.pnpm/node_modules/.bin/html-beautify: interpreter directive changed from "#!/bin/sh" to "/nix/store/f15k3dpilmiyv6zgpib289rnjykgr1r4-bash-5.3p9/bin/sh"
node_modules/.pnpm/node_modules/.bin/node-which: interpreter directive changed from "#!/bin/sh" to "/nix/store/f15k3dpilmiyv6zgpib289rnjykgr1r4-bash-5.3p9/bin/sh"
node_modules/.pnpm/node_modules/.bin/yaml: interpreter directive changed from "#!/bin/sh" to "/nix/store/f15k3dpilmiyv6zgpib289rnjykgr1r4-bash-5.3p9/bin/sh"
node_modules/.pnpm/node_modules/.bin/JSONStream: interpreter directive changed from "#!/bin/sh" to "/nix/store/f15k3dpilmiyv6zgpib289rnjykgr1r4-bash-5.3p9/bin/sh"
node_modules/.pnpm/node_modules/.bin/update-browserslist-db: interpreter directive changed from "#!/bin/sh" to "/nix/store/f15k3dpilmiyv6zgpib289rnjykgr1r4-bash-5.3p9/bin/sh"
node_modules/.pnpm/node_modules/.bin/nopt: interpreter directive changed from "#!/bin/sh" to "/nix/store/f15k3dpilmiyv6zgpib289rnjykgr1r4-bash-5.3p9/bin/sh"
node_modules/.pnpm/node_modules/.bin/vite: interpreter directive changed from "#!/bin/sh" to "/nix/store/f15k3dpilmiyv6zgpib289rnjykgr1r4-bash-5.3p9/bin/sh"
node_modules/.pnpm/node_modules/.bin/git-raw-commits: interpreter directive changed from "#!/bin/sh" to "/nix/store/f15k3dpilmiyv6zgpib289rnjykgr1r4-bash-5.3p9/bin/sh"
node_modules/.pnpm/node_modules/.bin/editorconfig: interpreter directive changed from "#!/bin/sh" to "/nix/store/f15k3dpilmiyv6zgpib289rnjykgr1r4-bash-5.3p9/bin/sh"
node_modules/.pnpm/node_modules/.bin/rollup: interpreter directive changed from "#!/bin/sh" to "/nix/store/f15k3dpilmiyv6zgpib289rnjykgr1r4-bash-5.3p9/bin/sh"
node_modules/.pnpm/node_modules/.bin/loose-envify: interpreter directive changed from "#!/bin/sh" to "/nix/store/f15k3dpilmiyv6zgpib289rnjykgr1r4-bash-5.3p9/bin/sh"
node_modules/.pnpm/node_modules/.bin/jiti: interpreter directive changed from "#!/bin/sh" to "/nix/store/f15k3dpilmiyv6zgpib289rnjykgr1r4-bash-5.3p9/bin/sh"
node_modules/.pnpm/node_modules/.bin/uglifyjs: interpreter directive changed from "#!/bin/sh" to "/nix/store/f15k3dpilmiyv6zgpib289rnjykgr1r4-bash-5.3p9/bin/sh"
node_modules/.pnpm/node_modules/.bin/tsconfck: interpreter directive changed from "#!/bin/sh" to "/nix/store/f15k3dpilmiyv6zgpib289rnjykgr1r4-bash-5.3p9/bin/sh"
node_modules/.pnpm/node_modules/.bin/resolve: interpreter directive changed from "#!/bin/sh" to "/nix/store/f15k3dpilmiyv6zgpib289rnjykgr1r4-bash-5.3p9/bin/sh"
node_modules/.pnpm/node_modules/.bin/jsesc: interpreter directive changed from "#!/bin/sh" to "/nix/store/f15k3dpilmiyv6zgpib289rnjykgr1r4-bash-5.3p9/bin/sh"
node_modules/.pnpm/node_modules/.bin/get-pkg-repo: interpreter directive changed from "#!/bin/sh" to "/nix/store/f15k3dpilmiyv6zgpib289rnjykgr1r4-bash-5.3p9/bin/sh"
node_modules/.pnpm/node_modules/.bin/pidtree: interpreter directive changed from "#!/bin/sh" to "/nix/store/f15k3dpilmiyv6zgpib289rnjykgr1r4-bash-5.3p9/bin/sh"
node_modules/.pnpm/node_modules/.bin/sucrase: interpreter directive changed from "#!/bin/sh" to "/nix/store/f15k3dpilmiyv6zgpib289rnjykgr1r4-bash-5.3p9/bin/sh"
node_modules/.pnpm/node_modules/.bin/tldts: interpreter directive changed from "#!/bin/sh" to "/nix/store/f15k3dpilmiyv6zgpib289rnjykgr1r4-bash-5.3p9/bin/sh"
node_modules/.pnpm/node_modules/.bin/conventional-commits-parser: interpreter directive changed from "#!/bin/sh" to "/nix/store/f15k3dpilmiyv6zgpib289rnjykgr1r4-bash-5.3p9/bin/sh"
node_modules/.pnpm/node_modules/.bin/sucrase-node: interpreter directive changed from "#!/bin/sh" to "/nix/store/f15k3dpilmiyv6zgpib289rnjykgr1r4-bash-5.3p9/bin/sh"
node_modules/.pnpm/node_modules/.bin/lz-string: interpreter directive changed from "#!/bin/sh" to "/nix/store/f15k3dpilmiyv6zgpib289rnjykgr1r4-bash-5.3p9/bin/sh"
node_modules/.pnpm/node_modules/.bin/browserslist: interpreter directive changed from "#!/bin/sh" to "/nix/store/f15k3dpilmiyv6zgpib289rnjykgr1r4-bash-5.3p9/bin/sh"
node_modules/.pnpm/node_modules/.bin/conventional-changelog-writer: interpreter directive changed from "#!/bin/sh" to "/nix/store/f15k3dpilmiyv6zgpib289rnjykgr1r4-bash-5.3p9/bin/sh"
node_modules/.pnpm/node_modules/.bin/css-beautify: interpreter directive changed from "#!/bin/sh" to "/nix/store/f15k3dpilmiyv6zgpib289rnjykgr1r4-bash-5.3p9/bin/sh"
node_modules/.pnpm/node_modules/.bin/tailwind: interpreter directive changed from "#!/bin/sh" to "/nix/store/f15k3dpilmiyv6zgpib289rnjykgr1r4-bash-5.3p9/bin/sh"
node_modules/.pnpm/node_modules/.bin/envinfo: interpreter directive changed from "#!/bin/sh" to "/nix/store/f15k3dpilmiyv6zgpib289rnjykgr1r4-bash-5.3p9/bin/sh"
node_modules/.pnpm/node_modules/.bin/cssesc: interpreter directive changed from "#!/bin/sh" to "/nix/store/f15k3dpilmiyv6zgpib289rnjykgr1r4-bash-5.3p9/bin/sh"
node_modules/.pnpm/node_modules/.bin/handlebars: interpreter directive changed from "#!/bin/sh" to "/nix/store/f15k3dpilmiyv6zgpib289rnjykgr1r4-bash-5.3p9/bin/sh"
node_modules/.pnpm/node_modules/.bin/esbuild: interpreter directive changed from "#!/bin/sh" to "/nix/store/f15k3dpilmiyv6zgpib289rnjykgr1r4-bash-5.3p9/bin/sh"
node_modules/.pnpm/node_modules/.bin/tree-kill: interpreter directive changed from "#!/bin/sh" to "/nix/store/f15k3dpilmiyv6zgpib289rnjykgr1r4-bash-5.3p9/bin/sh"
node_modules/.pnpm/node_modules/.bin/conventional-recommended-bump: interpreter directive changed from "#!/bin/sh" to "/nix/store/f15k3dpilmiyv6zgpib289rnjykgr1r4-bash-5.3p9/bin/sh"
node_modules/.pnpm/node_modules/.bin/why-is-node-running: interpreter directive changed from "#!/bin/sh" to "/nix/store/f15k3dpilmiyv6zgpib289rnjykgr1r4-bash-5.3p9/bin/sh"
node_modules/.pnpm/node_modules/.bin/baseline-browser-mapping: interpreter directive changed from "#!/bin/sh" to "/nix/store/f15k3dpilmiyv6zgpib289rnjykgr1r4-bash-5.3p9/bin/sh"
node_modules/.pnpm/node_modules/.bin/js-beautify: interpreter directive changed from "#!/bin/sh" to "/nix/store/f15k3dpilmiyv6zgpib289rnjykgr1r4-bash-5.3p9/bin/sh"
node_modules/.pnpm/node_modules/.bin/git-semver-tags: interpreter directive changed from "#!/bin/sh" to "/nix/store/f15k3dpilmiyv6zgpib289rnjykgr1r4-bash-5.3p9/bin/sh"
node_modules/.pnpm/node_modules/.bin/glob: interpreter directive changed from "#!/bin/sh" to "/nix/store/f15k3dpilmiyv6zgpib289rnjykgr1r4-bash-5.3p9/bin/sh"
node_modules/.pnpm/@vitest+mocker@4.0.16_vite@7.3.0_@types+node@24.4.0_jiti@2.5.1_tsx@4.20.5_yaml@2.8.2_/node_modules/@vitest/mocker/node_modules/.bin/vite: interpreter directive changed from "#!/bin/sh" to "/nix/store/f15k3dpilmiyv6zgpib289rnjykgr1r4-bash-5.3p9/bin/sh"
node_modules/.pnpm/js-beautify@1.15.4/node_modules/js-beautify/node_modules/.bin/nopt: interpreter directive changed from "#!/bin/sh" to "/nix/store/f15k3dpilmiyv6zgpib289rnjykgr1r4-bash-5.3p9/bin/sh"
node_modules/.pnpm/js-beautify@1.15.4/node_modules/js-beautify/node_modules/.bin/editorconfig: interpreter directive changed from "#!/bin/sh" to "/nix/store/f15k3dpilmiyv6zgpib289rnjykgr1r4-bash-5.3p9/bin/sh"
node_modules/.pnpm/js-beautify@1.15.4/node_modules/js-beautify/node_modules/.bin/glob: interpreter directive changed from "#!/bin/sh" to "/nix/store/f15k3dpilmiyv6zgpib289rnjykgr1r4-bash-5.3p9/bin/sh"
node_modules/.pnpm/@babel+core@7.28.6/node_modules/@babel/core/node_modules/.bin/json5: interpreter directive changed from "#!/bin/sh" to "/nix/store/f15k3dpilmiyv6zgpib289rnjykgr1r4-bash-5.3p9/bin/sh"
node_modules/.pnpm/@babel+core@7.28.6/node_modules/@babel/core/node_modules/.bin/parser: interpreter directive changed from "#!/bin/sh" to "/nix/store/f15k3dpilmiyv6zgpib289rnjykgr1r4-bash-5.3p9/bin/sh"
node_modules/.pnpm/@babel+core@7.28.6/node_modules/@babel/core/node_modules/.bin/semver: interpreter directive changed from "#!/bin/sh" to "/nix/store/f15k3dpilmiyv6zgpib289rnjykgr1r4-bash-5.3p9/bin/sh"
node_modules/.pnpm/update-browserslist-db@1.2.3_browserslist@4.28.1/node_modules/update-browserslist-db/node_modules/.bin/browserslist: interpreter directive changed from "#!/bin/sh" to "/nix/store/f15k3dpilmiyv6zgpib289rnjykgr1r4-bash-5.3p9/bin/sh"
node_modules/.pnpm/@babel+template@7.28.6/node_modules/@babel/template/node_modules/.bin/parser: interpreter directive changed from "#!/bin/sh" to "/nix/store/f15k3dpilmiyv6zgpib289rnjykgr1r4-bash-5.3p9/bin/sh"
node_modules/.pnpm/sucrase@3.35.0/node_modules/sucrase/node_modules/.bin/glob: interpreter directive changed from "#!/bin/sh" to "/nix/store/f15k3dpilmiyv6zgpib289rnjykgr1r4-bash-5.3p9/bin/sh"
node_modules/.pnpm/tailwindcss@3.4.19_tsx@4.20.5_yaml@2.8.2/node_modules/tailwindcss/node_modules/.bin/jiti: interpreter directive changed from "#!/bin/sh" to "/nix/store/f15k3dpilmiyv6zgpib289rnjykgr1r4-bash-5.3p9/bin/sh"
node_modules/.pnpm/tailwindcss@3.4.19_tsx@4.20.5_yaml@2.8.2/node_modules/tailwindcss/node_modules/.bin/resolve: interpreter directive changed from "#!/bin/sh" to "/nix/store/f15k3dpilmiyv6zgpib289rnjykgr1r4-bash-5.3p9/bin/sh"
node_modules/.pnpm/tailwindcss@3.4.19_tsx@4.20.5_yaml@2.8.2/node_modules/tailwindcss/node_modules/.bin/sucrase: interpreter directive changed from "#!/bin/sh" to "/nix/store/f15k3dpilmiyv6zgpib289rnjykgr1r4-bash-5.3p9/bin/sh"
node_modules/.pnpm/tailwindcss@3.4.19_tsx@4.20.5_yaml@2.8.2/node_modules/tailwindcss/node_modules/.bin/sucrase-node: interpreter directive changed from "#!/bin/sh" to "/nix/store/f15k3dpilmiyv6zgpib289rnjykgr1r4-bash-5.3p9/bin/sh"
node_modules/.pnpm/@babel+helper-compilation-targets@7.28.6/node_modules/@babel/helper-compilation-targets/node_modules/.bin/semver: interpreter directive changed from "#!/bin/sh" to "/nix/store/f15k3dpilmiyv6zgpib289rnjykgr1r4-bash-5.3p9/bin/sh"
node_modules/.pnpm/@babel+helper-compilation-targets@7.28.6/node_modules/@babel/helper-compilation-targets/node_modules/.bin/browserslist: interpreter directive changed from "#!/bin/sh" to "/nix/store/f15k3dpilmiyv6zgpib289rnjykgr1r4-bash-5.3p9/bin/sh"
node_modules/.pnpm/vitest@4.0.16_@types+node@24.4.0_jiti@2.5.1_jsdom@27.4.0_tsx@4.20.5_yaml@2.8.2/node_modules/vitest/node_modules/.bin/vite: interpreter directive changed from "#!/bin/sh" to "/nix/store/f15k3dpilmiyv6zgpib289rnjykgr1r4-bash-5.3p9/bin/sh"
node_modules/.pnpm/vitest@4.0.16_@types+node@24.4.0_jiti@2.5.1_jsdom@27.4.0_tsx@4.20.5_yaml@2.8.2/node_modules/vitest/node_modules/.bin/why-is-node-running: interpreter directive changed from "#!/bin/sh" to "/nix/store/f15k3dpilmiyv6zgpib289rnjykgr1r4-bash-5.3p9/bin/sh"
node_modules/.pnpm/lint-staged@16.1.6/node_modules/lint-staged/node_modules/.bin/yaml: interpreter directive changed from "#!/bin/sh" to "/nix/store/f15k3dpilmiyv6zgpib289rnjykgr1r4-bash-5.3p9/bin/sh"
node_modules/.pnpm/lint-staged@16.1.6/node_modules/lint-staged/node_modules/.bin/pidtree: interpreter directive changed from "#!/bin/sh" to "/nix/store/f15k3dpilmiyv6zgpib289rnjykgr1r4-bash-5.3p9/bin/sh"
node_modules/.pnpm/normalize-package-data@2.5.0/node_modules/normalize-package-data/node_modules/.bin/semver: interpreter directive changed from "#!/bin/sh" to "/nix/store/f15k3dpilmiyv6zgpib289rnjykgr1r4-bash-5.3p9/bin/sh"
node_modules/.pnpm/normalize-package-data@2.5.0/node_modules/normalize-package-data/node_modules/.bin/resolve: interpreter directive changed from "#!/bin/sh" to "/nix/store/f15k3dpilmiyv6zgpib289rnjykgr1r4-bash-5.3p9/bin/sh"
node_modules/.pnpm/postcss-load-config@6.0.1_jiti@2.5.1_postcss@8.5.6_tsx@4.20.5_yaml@2.8.2/node_modules/postcss-load-config/node_modules/.bin/yaml: interpreter directive changed from "#!/bin/sh" to "/nix/store/f15k3dpilmiyv6zgpib289rnjykgr1r4-bash-5.3p9/bin/sh"
node_modules/.pnpm/postcss-load-config@6.0.1_jiti@2.5.1_postcss@8.5.6_tsx@4.20.5_yaml@2.8.2/node_modules/postcss-load-config/node_modules/.bin/jiti: interpreter directive changed from "#!/bin/sh" to "/nix/store/f15k3dpilmiyv6zgpib289rnjykgr1r4-bash-5.3p9/bin/sh"
node_modules/.pnpm/postcss-load-config@6.0.1_jiti@2.5.1_postcss@8.5.6_tsx@4.20.5_yaml@2.8.2/node_modules/postcss-load-config/node_modules/.bin/tsx: interpreter directive changed from "#!/bin/sh" to "/nix/store/f15k3dpilmiyv6zgpib289rnjykgr1r4-bash-5.3p9/bin/sh"
node_modules/.pnpm/monaco-editor@0.55.1/node_modules/monaco-editor/node_modules/.bin/marked: interpreter directive changed from "#!/bin/sh" to "/nix/store/f15k3dpilmiyv6zgpib289rnjykgr1r4-bash-5.3p9/bin/sh"
node_modules/.pnpm/typedoc-plugin-markdown@4.9.0_typedoc@0.28.16_typescript@5.9.3_/node_modules/typedoc-plugin-markdown/node_modules/.bin/typedoc: interpreter directive changed from "#!/bin/sh" to "/nix/store/f15k3dpilmiyv6zgpib289rnjykgr1r4-bash-5.3p9/bin/sh"
node_modules/.pnpm/tsx@4.20.5/node_modules/tsx/node_modules/.bin/esbuild: interpreter directive changed from "#!/bin/sh" to "/nix/store/f15k3dpilmiyv6zgpib289rnjykgr1r4-bash-5.3p9/bin/sh"
node_modules/.pnpm/vite-tsconfig-paths@5.1.4_typescript@5.9.3_vite@7.3.0_@types+node@24.4.0_jiti@2.5.1_tsx@4.20.5_yaml@2.8.2_/node_modules/vite-tsconfig-paths/node_modules/.bin/vite: interpreter directive changed from "#!/bin/sh" to "/nix/store/f15k3dpilmiyv6zgpib289rnjykgr1r4-bash-5.3p9/bin/sh"
node_modules/.pnpm/vite-tsconfig-paths@5.1.4_typescript@5.9.3_vite@7.3.0_@types+node@24.4.0_jiti@2.5.1_tsx@4.20.5_yaml@2.8.2_/node_modules/vite-tsconfig-paths/node_modules/.bin/tsconfck: interpreter directive changed from "#!/bin/sh" to "/nix/store/f15k3dpilmiyv6zgpib289rnjykgr1r4-bash-5.3p9/bin/sh"
node_modules/.pnpm/vite@7.3.0_@types+node@24.4.0_jiti@1.21.7_tsx@4.20.5_yaml@2.8.2/node_modules/vite/node_modules/.bin/yaml: interpreter directive changed from "#!/bin/sh" to "/nix/store/f15k3dpilmiyv6zgpib289rnjykgr1r4-bash-5.3p9/bin/sh"
node_modules/.pnpm/vite@7.3.0_@types+node@24.4.0_jiti@1.21.7_tsx@4.20.5_yaml@2.8.2/node_modules/vite/node_modules/.bin/rollup: interpreter directive changed from "#!/bin/sh" to "/nix/store/f15k3dpilmiyv6zgpib289rnjykgr1r4-bash-5.3p9/bin/sh"
node_modules/.pnpm/vite@7.3.0_@types+node@24.4.0_jiti@1.21.7_tsx@4.20.5_yaml@2.8.2/node_modules/vite/node_modules/.bin/jiti: interpreter directive changed from "#!/bin/sh" to "/nix/store/f15k3dpilmiyv6zgpib289rnjykgr1r4-bash-5.3p9/bin/sh"
node_modules/.pnpm/vite@7.3.0_@types+node@24.4.0_jiti@1.21.7_tsx@4.20.5_yaml@2.8.2/node_modules/vite/node_modules/.bin/tsx: interpreter directive changed from "#!/bin/sh" to "/nix/store/f15k3dpilmiyv6zgpib289rnjykgr1r4-bash-5.3p9/bin/sh"
node_modules/.pnpm/vite@7.3.0_@types+node@24.4.0_jiti@1.21.7_tsx@4.20.5_yaml@2.8.2/node_modules/vite/node_modules/.bin/esbuild: interpreter directive changed from "#!/bin/sh" to "/nix/store/f15k3dpilmiyv6zgpib289rnjykgr1r4-bash-5.3p9/bin/sh"
node_modules/.pnpm/normalize-package-data@3.0.3/node_modules/normalize-package-data/node_modules/.bin/semver: interpreter directive changed from "#!/bin/sh" to "/nix/store/f15k3dpilmiyv6zgpib289rnjykgr1r4-bash-5.3p9/bin/sh"
node_modules/.pnpm/conventional-changelog-writer@6.0.1/node_modules/conventional-changelog-writer/node_modules/.bin/semver: interpreter directive changed from "#!/bin/sh" to "/nix/store/f15k3dpilmiyv6zgpib289rnjykgr1r4-bash-5.3p9/bin/sh"
node_modules/.pnpm/conventional-changelog-writer@6.0.1/node_modules/conventional-changelog-writer/node_modules/.bin/handlebars: interpreter directive changed from "#!/bin/sh" to "/nix/store/f15k3dpilmiyv6zgpib289rnjykgr1r4-bash-5.3p9/bin/sh"
node_modules/.pnpm/vite@7.3.0_@types+node@24.4.0_jiti@2.5.1_tsx@4.20.5_yaml@2.8.2/node_modules/vite/node_modules/.bin/yaml: interpreter directive changed from "#!/bin/sh" to "/nix/store/f15k3dpilmiyv6zgpib289rnjykgr1r4-bash-5.3p9/bin/sh"
node_modules/.pnpm/vite@7.3.0_@types+node@24.4.0_jiti@2.5.1_tsx@4.20.5_yaml@2.8.2/node_modules/vite/node_modules/.bin/rollup: interpreter directive changed from "#!/bin/sh" to "/nix/store/f15k3dpilmiyv6zgpib289rnjykgr1r4-bash-5.3p9/bin/sh"
node_modules/.pnpm/vite@7.3.0_@types+node@24.4.0_jiti@2.5.1_tsx@4.20.5_yaml@2.8.2/node_modules/vite/node_modules/.bin/jiti: interpreter directive changed from "#!/bin/sh" to "/nix/store/f15k3dpilmiyv6zgpib289rnjykgr1r4-bash-5.3p9/bin/sh"
node_modules/.pnpm/vite@7.3.0_@types+node@24.4.0_jiti@2.5.1_tsx@4.20.5_yaml@2.8.2/node_modules/vite/node_modules/.bin/tsx: interpreter directive changed from "#!/bin/sh" to "/nix/store/f15k3dpilmiyv6zgpib289rnjykgr1r4-bash-5.3p9/bin/sh"
node_modules/.pnpm/vite@7.3.0_@types+node@24.4.0_jiti@2.5.1_tsx@4.20.5_yaml@2.8.2/node_modules/vite/node_modules/.bin/esbuild: interpreter directive changed from "#!/bin/sh" to "/nix/store/f15k3dpilmiyv6zgpib289rnjykgr1r4-bash-5.3p9/bin/sh"
node_modules/.pnpm/git-semver-tags@5.0.1/node_modules/git-semver-tags/node_modules/.bin/semver: interpreter directive changed from "#!/bin/sh" to "/nix/store/f15k3dpilmiyv6zgpib289rnjykgr1r4-bash-5.3p9/bin/sh"
node_modules/.pnpm/typedoc@0.28.16_typescript@5.9.3/node_modules/typedoc/node_modules/.bin/tsserver: interpreter directive changed from "#!/bin/sh" to "/nix/store/f15k3dpilmiyv6zgpib289rnjykgr1r4-bash-5.3p9/bin/sh"
node_modules/.pnpm/typedoc@0.28.16_typescript@5.9.3/node_modules/typedoc/node_modules/.bin/markdown-it: interpreter directive changed from "#!/bin/sh" to "/nix/store/f15k3dpilmiyv6zgpib289rnjykgr1r4-bash-5.3p9/bin/sh"
node_modules/.pnpm/typedoc@0.28.16_typescript@5.9.3/node_modules/typedoc/node_modules/.bin/yaml: interpreter directive changed from "#!/bin/sh" to "/nix/store/f15k3dpilmiyv6zgpib289rnjykgr1r4-bash-5.3p9/bin/sh"
node_modules/.pnpm/typedoc@0.28.16_typescript@5.9.3/node_modules/typedoc/node_modules/.bin/tsc: interpreter directive changed from "#!/bin/sh" to "/nix/store/f15k3dpilmiyv6zgpib289rnjykgr1r4-bash-5.3p9/bin/sh"
node_modules/.pnpm/@commitlint+read@20.3.1/node_modules/@commitlint/read/node_modules/.bin/git-raw-commits: interpreter directive changed from "#!/bin/sh" to "/nix/store/f15k3dpilmiyv6zgpib289rnjykgr1r4-bash-5.3p9/bin/sh"
node_modules/.pnpm/react-dom@18.3.1_react@18.3.1/node_modules/react-dom/node_modules/.bin/loose-envify: interpreter directive changed from "#!/bin/sh" to "/nix/store/f15k3dpilmiyv6zgpib289rnjykgr1r4-bash-5.3p9/bin/sh"
node_modules/.pnpm/commit-and-tag-version@12.6.0/node_modules/commit-and-tag-version/node_modules/.bin/semver: interpreter directive changed from "#!/bin/sh" to "/nix/store/f15k3dpilmiyv6zgpib289rnjykgr1r4-bash-5.3p9/bin/sh"
node_modules/.pnpm/commit-and-tag-version@12.6.0/node_modules/commit-and-tag-version/node_modules/.bin/yaml: interpreter directive changed from "#!/bin/sh" to "/nix/store/f15k3dpilmiyv6zgpib289rnjykgr1r4-bash-5.3p9/bin/sh"
node_modules/.pnpm/commit-and-tag-version@12.6.0/node_modules/commit-and-tag-version/node_modules/.bin/conventional-recommended-bump: interpreter directive changed from "#!/bin/sh" to "/nix/store/f15k3dpilmiyv6zgpib289rnjykgr1r4-bash-5.3p9/bin/sh"
node_modules/.pnpm/commit-and-tag-version@12.6.0/node_modules/commit-and-tag-version/node_modules/.bin/git-semver-tags: interpreter directive changed from "#!/bin/sh" to "/nix/store/f15k3dpilmiyv6zgpib289rnjykgr1r4-bash-5.3p9/bin/sh"
node_modules/.pnpm/tsup@8.3.0_jiti@2.5.1_postcss@8.5.6_tsx@4.20.5_typescript@5.9.3_yaml@2.8.2/node_modules/tsup/node_modules/.bin/tsserver: interpreter directive changed from "#!/bin/sh" to "/nix/store/f15k3dpilmiyv6zgpib289rnjykgr1r4-bash-5.3p9/bin/sh"
node_modules/.pnpm/tsup@8.3.0_jiti@2.5.1_postcss@8.5.6_tsx@4.20.5_typescript@5.9.3_yaml@2.8.2/node_modules/tsup/node_modules/.bin/tsc: interpreter directive changed from "#!/bin/sh" to "/nix/store/f15k3dpilmiyv6zgpib289rnjykgr1r4-bash-5.3p9/bin/sh"
node_modules/.pnpm/tsup@8.3.0_jiti@2.5.1_postcss@8.5.6_tsx@4.20.5_typescript@5.9.3_yaml@2.8.2/node_modules/tsup/node_modules/.bin/rollup: interpreter directive changed from "#!/bin/sh" to "/nix/store/f15k3dpilmiyv6zgpib289rnjykgr1r4-bash-5.3p9/bin/sh"
node_modules/.pnpm/tsup@8.3.0_jiti@2.5.1_postcss@8.5.6_tsx@4.20.5_typescript@5.9.3_yaml@2.8.2/node_modules/tsup/node_modules/.bin/sucrase: interpreter directive changed from "#!/bin/sh" to "/nix/store/f15k3dpilmiyv6zgpib289rnjykgr1r4-bash-5.3p9/bin/sh"
node_modules/.pnpm/tsup@8.3.0_jiti@2.5.1_postcss@8.5.6_tsx@4.20.5_typescript@5.9.3_yaml@2.8.2/node_modules/tsup/node_modules/.bin/sucrase-node: interpreter directive changed from "#!/bin/sh" to "/nix/store/f15k3dpilmiyv6zgpib289rnjykgr1r4-bash-5.3p9/bin/sh"
node_modules/.pnpm/tsup@8.3.0_jiti@2.5.1_postcss@8.5.6_tsx@4.20.5_typescript@5.9.3_yaml@2.8.2/node_modules/tsup/node_modules/.bin/esbuild: interpreter directive changed from "#!/bin/sh" to "/nix/store/f15k3dpilmiyv6zgpib289rnjykgr1r4-bash-5.3p9/bin/sh"
node_modules/.pnpm/tsup@8.3.0_jiti@2.5.1_postcss@8.5.6_tsx@4.20.5_typescript@5.9.3_yaml@2.8.2/node_modules/tsup/node_modules/.bin/tree-kill: interpreter directive changed from "#!/bin/sh" to "/nix/store/f15k3dpilmiyv6zgpib289rnjykgr1r4-bash-5.3p9/bin/sh"
node_modules/.pnpm/conventional-commits-parser@4.0.0/node_modules/conventional-commits-parser/node_modules/.bin/JSONStream: interpreter directive changed from "#!/bin/sh" to "/nix/store/f15k3dpilmiyv6zgpib289rnjykgr1r4-bash-5.3p9/bin/sh"
node_modules/.pnpm/cosmiconfig-typescript-loader@6.1.0_@types+node@24.4.0_cosmiconfig@9.0.0_typescript@5.9.3__typescript@5.9.3/node_modules/cosmiconfig-typescript-loader/node_modules/.bin/tsserver: interpreter directive changed from "#!/bin/sh" to "/nix/store/f15k3dpilmiyv6zgpib289rnjykgr1r4-bash-5.3p9/bin/sh"
node_modules/.pnpm/cosmiconfig-typescript-loader@6.1.0_@types+node@24.4.0_cosmiconfig@9.0.0_typescript@5.9.3__typescript@5.9.3/node_modules/cosmiconfig-typescript-loader/node_modules/.bin/tsc: interpreter directive changed from "#!/bin/sh" to "/nix/store/f15k3dpilmiyv6zgpib289rnjykgr1r4-bash-5.3p9/bin/sh"
node_modules/.pnpm/cosmiconfig-typescript-loader@6.1.0_@types+node@24.4.0_cosmiconfig@9.0.0_typescript@5.9.3__typescript@5.9.3/node_modules/cosmiconfig-typescript-loader/node_modules/.bin/jiti: interpreter directive changed from "#!/bin/sh" to "/nix/store/f15k3dpilmiyv6zgpib289rnjykgr1r4-bash-5.3p9/bin/sh"
node_modules/.pnpm/@vitest+coverage-v8@4.0.16_vitest@4.0.16_@types+node@24.4.0_jiti@2.5.1_jsdom@27.4.0_tsx@4.20.5_yaml@2.8.2_/node_modules/@vitest/coverage-v8/node_modules/.bin/vitest: interpreter directive changed from "#!/bin/sh" to "/nix/store/f15k3dpilmiyv6zgpib289rnjykgr1r4-bash-5.3p9/bin/sh"
node_modules/.pnpm/make-dir@4.0.0/node_modules/make-dir/node_modules/.bin/semver: interpreter directive changed from "#!/bin/sh" to "/nix/store/f15k3dpilmiyv6zgpib289rnjykgr1r4-bash-5.3p9/bin/sh"
node_modules/.pnpm/@commitlint+is-ignored@20.3.1/node_modules/@commitlint/is-ignored/node_modules/.bin/semver: interpreter directive changed from "#!/bin/sh" to "/nix/store/f15k3dpilmiyv6zgpib289rnjykgr1r4-bash-5.3p9/bin/sh"
node_modules/.pnpm/magicast@0.5.1/node_modules/magicast/node_modules/.bin/parser: interpreter directive changed from "#!/bin/sh" to "/nix/store/f15k3dpilmiyv6zgpib289rnjykgr1r4-bash-5.3p9/bin/sh"
node_modules/.pnpm/browserslist@4.28.1/node_modules/browserslist/node_modules/.bin/update-browserslist-db: interpreter directive changed from "#!/bin/sh" to "/nix/store/f15k3dpilmiyv6zgpib289rnjykgr1r4-bash-5.3p9/bin/sh"
node_modules/.pnpm/browserslist@4.28.1/node_modules/browserslist/node_modules/.bin/baseline-browser-mapping: interpreter directive changed from "#!/bin/sh" to "/nix/store/f15k3dpilmiyv6zgpib289rnjykgr1r4-bash-5.3p9/bin/sh"
node_modules/.pnpm/bundle-require@5.1.0_esbuild@0.23.1/node_modules/bundle-require/node_modules/.bin/esbuild: interpreter directive changed from "#!/bin/sh" to "/nix/store/f15k3dpilmiyv6zgpib289rnjykgr1r4-bash-5.3p9/bin/sh"
node_modules/.pnpm/lunr@2.3.9/node_modules/lunr/build/release.sh: interpreter directive changed from "#!/usr/bin/env bash" to "/nix/store/f15k3dpilmiyv6zgpib289rnjykgr1r4-bash-5.3p9/bin/bash"
node_modules/.pnpm/tough-cookie@5.1.2/node_modules/tough-cookie/node_modules/.bin/tldts: interpreter directive changed from "#!/bin/sh" to "/nix/store/f15k3dpilmiyv6zgpib289rnjykgr1r4-bash-5.3p9/bin/sh"
node_modules/.pnpm/handlebars@4.7.8/node_modules/handlebars/node_modules/.bin/uglifyjs: interpreter directive changed from "#!/bin/sh" to "/nix/store/f15k3dpilmiyv6zgpib289rnjykgr1r4-bash-5.3p9/bin/sh"
node_modules/.pnpm/@types+babel__template@7.4.4/node_modules/@types/babel__template/node_modules/.bin/parser: interpreter directive changed from "#!/bin/sh" to "/nix/store/f15k3dpilmiyv6zgpib289rnjykgr1r4-bash-5.3p9/bin/sh"
node_modules/.pnpm/react@18.3.1/node_modules/react/node_modules/.bin/loose-envify: interpreter directive changed from "#!/bin/sh" to "/nix/store/f15k3dpilmiyv6zgpib289rnjykgr1r4-bash-5.3p9/bin/sh"
node_modules/.pnpm/postcss-selector-parser@6.1.2/node_modules/postcss-selector-parser/node_modules/.bin/cssesc: interpreter directive changed from "#!/bin/sh" to "/nix/store/f15k3dpilmiyv6zgpib289rnjykgr1r4-bash-5.3p9/bin/sh"
node_modules/.pnpm/cross-spawn@7.0.6/node_modules/cross-spawn/node_modules/.bin/node-which: interpreter directive changed from "#!/bin/sh" to "/nix/store/f15k3dpilmiyv6zgpib289rnjykgr1r4-bash-5.3p9/bin/sh"
node_modules/.pnpm/@babel+traverse@7.28.6/node_modules/@babel/traverse/node_modules/.bin/parser: interpreter directive changed from "#!/bin/sh" to "/nix/store/f15k3dpilmiyv6zgpib289rnjykgr1r4-bash-5.3p9/bin/sh"
node_modules/.pnpm/cosmiconfig@9.0.0_typescript@5.9.3/node_modules/cosmiconfig/node_modules/.bin/js-yaml: interpreter directive changed from "#!/bin/sh" to "/nix/store/f15k3dpilmiyv6zgpib289rnjykgr1r4-bash-5.3p9/bin/sh"
node_modules/.pnpm/cosmiconfig@9.0.0_typescript@5.9.3/node_modules/cosmiconfig/node_modules/.bin/tsserver: interpreter directive changed from "#!/bin/sh" to "/nix/store/f15k3dpilmiyv6zgpib289rnjykgr1r4-bash-5.3p9/bin/sh"
node_modules/.pnpm/cosmiconfig@9.0.0_typescript@5.9.3/node_modules/cosmiconfig/node_modules/.bin/tsc: interpreter directive changed from "#!/bin/sh" to "/nix/store/f15k3dpilmiyv6zgpib289rnjykgr1r4-bash-5.3p9/bin/sh"
node_modules/.pnpm/postcss-import@15.1.0_postcss@8.5.6/node_modules/postcss-import/node_modules/.bin/resolve: interpreter directive changed from "#!/bin/sh" to "/nix/store/f15k3dpilmiyv6zgpib289rnjykgr1r4-bash-5.3p9/bin/sh"
node_modules/.pnpm/@commitlint+parse@20.3.1/node_modules/@commitlint/parse/node_modules/.bin/conventional-commits-parser: interpreter directive changed from "#!/bin/sh" to "/nix/store/f15k3dpilmiyv6zgpib289rnjykgr1r4-bash-5.3p9/bin/sh"
node_modules/.pnpm/@testing-library+dom@10.4.1/node_modules/@testing-library/dom/node_modules/.bin/lz-string: interpreter directive changed from "#!/bin/sh" to "/nix/store/f15k3dpilmiyv6zgpib289rnjykgr1r4-bash-5.3p9/bin/sh"
node_modules/.pnpm/postcss-load-config@6.0.1_jiti@1.21.7_postcss@8.5.6_tsx@4.20.5_yaml@2.8.2/node_modules/postcss-load-config/node_modules/.bin/yaml: interpreter directive changed from "#!/bin/sh" to "/nix/store/f15k3dpilmiyv6zgpib289rnjykgr1r4-bash-5.3p9/bin/sh"
node_modules/.pnpm/postcss-load-config@6.0.1_jiti@1.21.7_postcss@8.5.6_tsx@4.20.5_yaml@2.8.2/node_modules/postcss-load-config/node_modules/.bin/jiti: interpreter directive changed from "#!/bin/sh" to "/nix/store/f15k3dpilmiyv6zgpib289rnjykgr1r4-bash-5.3p9/bin/sh"
node_modules/.pnpm/postcss-load-config@6.0.1_jiti@1.21.7_postcss@8.5.6_tsx@4.20.5_yaml@2.8.2/node_modules/postcss-load-config/node_modules/.bin/tsx: interpreter directive changed from "#!/bin/sh" to "/nix/store/f15k3dpilmiyv6zgpib289rnjykgr1r4-bash-5.3p9/bin/sh"
node_modules/.pnpm/@vitejs+plugin-react@4.7.0_vite@7.3.0_@types+node@24.4.0_jiti@1.21.7_tsx@4.20.5_yaml@2.8.2_/node_modules/@vitejs/plugin-react/node_modules/.bin/vite: interpreter directive changed from "#!/bin/sh" to "/nix/store/f15k3dpilmiyv6zgpib289rnjykgr1r4-bash-5.3p9/bin/sh"
Finished pnpmConfigHook
Running phase: buildPhase
no Makefile or custom buildPhase, doing nothing
Running phase: installPhase
no Makefile or custom installPhase, doing nothing
Running phase: fixupPhase
error: builder for '/nix/store/mxd3zi475hia3rdg2f3250pgdfag86sg-yamlresume-v0.11.1.drv' failed to produce output path for output 'out' at '/nix/store/mxd3zi475hia3rdg2f3250pgdfag86sg-yamlresume-v0.11.1.drv.chroot/root/nix/store/ij2qi5sm5x5c29n26r6jwjbc3apdxh44-yamlresume-v0.11.1'
