{"level":"warn","message":"JWT_SECRET not found in config. Generating a new secure secret...","timestamp":"2025-12-13 22:52:46"}
{"level":"info","message":"Creating config directory: /home/color/projects/nurpkgs/config","timestamp":"2025-12-13 22:52:46"}
{"level":"info","message":"✅ JWT_SECRET generated and saved to config.json successfully","timestamp":"2025-12-13 22:52:46"}
{"level":"info","message":"Initializing web server...","timestamp":"2025-12-13 22:52:46"}
{"level":"info","message":"Web server configured successfully","timestamp":"2025-12-13 22:52:46"}
{"level":"info","message":"✅ Config directory /home/color/projects/nurpkgs/config is properly configured and writable","timestamp":"2025-12-13 22:52:46"}
{"level":"info","message":"Attempting to start server on port 8282...","timestamp":"2025-12-13 22:52:46"}
{"level":"info","message":"✅ Anchorr web server is running on port 8282.","timestamp":"2025-12-13 22:52:46"}
{"level":"info","message":"📝 Access it at:","timestamp":"2025-12-13 22:52:46"}
{"level":"info","message":"   - Local: http://127.0.0.1:8282","timestamp":"2025-12-13 22:52:46"}
{"level":"info","message":"   - Network: http://<your-server-ip>:8282","timestamp":"2025-12-13 22:52:46"}
{"level":"info","message":"   - Docker: http://<host-ip>:8282","timestamp":"2025-12-13 22:52:46"}
{"level":"info","message":"ℹ️ Config found but Discord credentials are incomplete. Bot not auto-started.","timestamp":"2025-12-13 22:52:46"}
{"level":"info","message":"SIGINT signal received: closing HTTP server","timestamp":"2025-12-13 22:52:50"}
{"level":"warn","message":"JWT_SECRET not found in config. Generating a new secure secret...","timestamp":"2025-12-13 23:04:49"}
{"level":"info","message":"Creating config directory: /home/color/projects/nurpkgs/config","timestamp":"2025-12-13 23:04:49"}
{"level":"info","message":"✅ JWT_SECRET generated and saved to config.json successfully","timestamp":"2025-12-13 23:04:49"}
{"level":"info","message":"Initializing web server...","timestamp":"2025-12-13 23:04:49"}
{"level":"info","message":"Web server configured successfully","timestamp":"2025-12-13 23:04:49"}
{"level":"info","message":"✅ Config directory /home/color/projects/nurpkgs/config is properly configured and writable","timestamp":"2025-12-13 23:04:49"}
{"level":"info","message":"Attempting to start server on port 8282...","timestamp":"2025-12-13 23:04:49"}
{"level":"info","message":"✅ Anchorr web server is running on port 8282.","timestamp":"2025-12-13 23:04:49"}
{"level":"info","message":"📝 Access it at:","timestamp":"2025-12-13 23:04:49"}
{"level":"info","message":"   - Local: http://127.0.0.1:8282","timestamp":"2025-12-13 23:04:49"}
{"level":"info","message":"   - Network: http://<your-server-ip>:8282","timestamp":"2025-12-13 23:04:49"}
{"level":"info","message":"   - Docker: http://<host-ip>:8282","timestamp":"2025-12-13 23:04:49"}
{"level":"info","message":"ℹ️ Config found but Discord credentials are incomplete. Bot not auto-started.","timestamp":"2025-12-13 23:04:49"}
{"level":"info","message":"SIGINT signal received: closing HTTP server","timestamp":"2025-12-13 23:04:50"}
{"level":"info","message":"Initializing web server...","timestamp":"2025-12-13 23:15:44"}
{"level":"info","message":"Web server configured successfully","timestamp":"2025-12-13 23:15:44"}
{"level":"info","message":"✅ Config directory /home/color/projects/nurpkgs/config is properly configured and writable","timestamp":"2025-12-13 23:15:44"}
{"level":"info","message":"Attempting to start server on port 8282...","timestamp":"2025-12-13 23:15:44"}
{"level":"info","message":"✅ Anchorr web server is running on port 8282.","timestamp":"2025-12-13 23:15:44"}
{"level":"info","message":"📝 Access it at:","timestamp":"2025-12-13 23:15:44"}
{"level":"info","message":"   - Local: http://127.0.0.1:8282","timestamp":"2025-12-13 23:15:44"}
{"level":"info","message":"   - Network: http://<your-server-ip>:8282","timestamp":"2025-12-13 23:15:44"}
{"level":"info","message":"   - Docker: http://<host-ip>:8282","timestamp":"2025-12-13 23:15:44"}
{"level":"info","message":"ℹ️ Config found but Discord credentials are incomplete. Bot not auto-started.","timestamp":"2025-12-13 23:15:44"}
{"level":"info","message":"SIGINT signal received: closing HTTP server","timestamp":"2025-12-13 23:15:45"}
